<?xml version="1.0" encoding="UTF-8"?>
<!-- Generated by org.testng.reporters.JUnitXMLReporter -->
<testsuite ignored="0" hostname="Inheritxs-Mac-mini.local" failures="0" tests="3" name="Default test" time="58.863" errors="0" timestamp="2025-10-09T16:36:06 IST">
  <testcase classname="com.rugby.planner.tests.LoginTest" name="verifyValidLogin" time="5.269"/>
  <testcase classname="com.rugby.planner.tests.LoginTest" name="loginwithInvalidcredential" time="13.934"/>
  <testcase classname="com.rugby.planner.tests.LoginTest" name="loginWithEmptyFields" time="2.306"/>
</testsuite> <!-- Default test -->
