<?xml version="1.0" encoding="UTF-8"?>
<testng-results ignored="0" total="1" passed="1" failed="0" skipped="0">
  <reporter-output>
  </reporter-output>
  <suite started-at="2025-11-10T18:33:50 IST" name="Default suite" finished-at="2025-11-10T18:34:34 IST" duration-ms="43137">
    <groups>
    </groups>
    <test started-at="2025-11-10T18:33:50 IST" name="Default test" finished-at="2025-11-10T18:34:34 IST" duration-ms="43137">
      <class name="com.rugby.planner.tests.ShareCoachTest">
        <test-method is-config="true" signature="setUp()[pri:0, instance:com.rugby.planner.tests.ShareCoachTest@31190526]" started-at="2025-11-10T18:33:51 IST" name="setUp" finished-at="2025-11-10T18:34:10 IST" duration-ms="19580" status="PASS">
          <reporter-output>
          </reporter-output>
        </test-method> <!-- setUp -->
        <test-method signature="verifyCoachSharingFlow()[pri:1, instance:com.rugby.planner.tests.ShareCoachTest@31190526]" started-at="2025-11-10T18:34:10 IST" name="verifyCoachSharingFlow" finished-at="2025-11-10T18:34:33 IST" duration-ms="22933" status="PASS">
          <reporter-output>
          </reporter-output>
        </test-method> <!-- verifyCoachSharingFlow -->
        <test-method is-config="true" signature="tearDown()[pri:0, instance:com.rugby.planner.tests.ShareCoachTest@31190526]" started-at="2025-11-10T18:34:33 IST" name="tearDown" finished-at="2025-11-10T18:34:34 IST" duration-ms="553" status="PASS">
          <reporter-output>
          </reporter-output>
        </test-method> <!-- tearDown -->
      </class> <!-- com.rugby.planner.tests.ShareCoachTest -->
    </test> <!-- Default test -->
  </suite> <!-- Default suite -->
</testng-results>
