<?xml version="1.0" encoding="UTF-8"?>
<testng-results ignored="0" total="3" passed="3" failed="0" skipped="0">
  <reporter-output>
  </reporter-output>
  <suite started-at="2025-10-09T16:35:07 IST" name="Default suite" finished-at="2025-10-09T16:36:06 IST" duration-ms="58863">
    <groups>
    </groups>
    <test started-at="2025-10-09T16:35:07 IST" name="Default test" finished-at="2025-10-09T16:36:06 IST" duration-ms="58863">
      <class name="com.rugby.planner.tests.LoginTest">
        <test-method is-config="true" signature="setUp()[pri:0, instance:com.rugby.planner.tests.LoginTest@662ac478]" started-at="2025-10-09T16:35:07 IST" name="setUp" finished-at="2025-10-09T16:35:26 IST" duration-ms="18377" status="PASS">
          <reporter-output>
          </reporter-output>
        </test-method> <!-- setUp -->
        <test-method signature="verifyValidLogin()[pri:1, instance:com.rugby.planner.tests.LoginTest@662ac478]" started-at="2025-10-09T16:35:26 IST" name="verifyValidLogin" finished-at="2025-10-09T16:35:31 IST" duration-ms="5269" status="PASS">
          <reporter-output>
          </reporter-output>
        </test-method> <!-- verifyValidLogin -->
        <test-method is-config="true" signature="tearDown()[pri:0, instance:com.rugby.planner.tests.LoginTest@662ac478]" started-at="2025-10-09T16:35:31 IST" name="tearDown" finished-at="2025-10-09T16:35:31 IST" duration-ms="442" status="PASS">
          <reporter-output>
          </reporter-output>
        </test-method> <!-- tearDown -->
        <test-method is-config="true" signature="setUp()[pri:0, instance:com.rugby.planner.tests.LoginTest@662ac478]" started-at="2025-10-09T16:35:31 IST" name="setUp" finished-at="2025-10-09T16:35:36 IST" duration-ms="4182" status="PASS">
          <reporter-output>
          </reporter-output>
        </test-method> <!-- setUp -->
        <test-method signature="loginwithInvalidcredential()[pri:2, instance:com.rugby.planner.tests.LoginTest@662ac478]" started-at="2025-10-09T16:35:36 IST" name="loginwithInvalidcredential" finished-at="2025-10-09T16:35:50 IST" duration-ms="13934" status="PASS">
          <reporter-output>
          </reporter-output>
        </test-method> <!-- loginwithInvalidcredential -->
        <test-method is-config="true" signature="tearDown()[pri:0, instance:com.rugby.planner.tests.LoginTest@662ac478]" started-at="2025-10-09T16:35:50 IST" name="tearDown" finished-at="2025-10-09T16:35:50 IST" duration-ms="331" status="PASS">
          <reporter-output>
          </reporter-output>
        </test-method> <!-- tearDown -->
        <test-method is-config="true" signature="setUp()[pri:0, instance:com.rugby.planner.tests.LoginTest@662ac478]" started-at="2025-10-09T16:35:50 IST" name="setUp" finished-at="2025-10-09T16:36:03 IST" duration-ms="13590" status="PASS">
          <reporter-output>
          </reporter-output>
        </test-method> <!-- setUp -->
        <test-method signature="loginWithEmptyFields()[pri:3, instance:com.rugby.planner.tests.LoginTest@662ac478]" started-at="2025-10-09T16:36:04 IST" name="loginWithEmptyFields" finished-at="2025-10-09T16:36:06 IST" duration-ms="2306" status="PASS">
          <reporter-output>
          </reporter-output>
        </test-method> <!-- loginWithEmptyFields -->
        <test-method is-config="true" signature="tearDown()[pri:0, instance:com.rugby.planner.tests.LoginTest@662ac478]" started-at="2025-10-09T16:36:06 IST" name="tearDown" finished-at="2025-10-09T16:36:06 IST" duration-ms="305" status="PASS">
          <reporter-output>
          </reporter-output>
        </test-method> <!-- tearDown -->
      </class> <!-- com.rugby.planner.tests.LoginTest -->
    </test> <!-- Default test -->
  </suite> <!-- Default suite -->
</testng-results>
