<?xml version="1.0" encoding="UTF-8"?>
<testng-results ignored="0" total="1" passed="1" failed="0" skipped="0">
  <reporter-output>
  </reporter-output>
  <suite started-at="2025-11-12T11:53:13 IST" name="Default suite" finished-at="2025-11-12T11:53:49 IST" duration-ms="36723">
    <groups>
    </groups>
    <test started-at="2025-11-12T11:53:13 IST" name="Default test" finished-at="2025-11-12T11:53:49 IST" duration-ms="36723">
      <class name="com.rugby.planner.tests.LogoutTest">
        <test-method is-config="true" signature="setUp()[pri:0, instance:com.rugby.planner.tests.LogoutTest@31190526]" started-at="2025-11-12T11:53:13 IST" name="setUp" finished-at="2025-11-12T11:53:30 IST" duration-ms="17511" status="PASS">
          <reporter-output>
          </reporter-output>
        </test-method> <!-- setUp -->
        <test-method signature="verifyCoachSharingFlow()[pri:1, instance:com.rugby.planner.tests.LogoutTest@31190526]" started-at="2025-11-12T11:53:30 IST" name="verifyCoachSharingFlow" finished-at="2025-11-12T11:53:47 IST" duration-ms="16630" status="PASS">
          <reporter-output>
          </reporter-output>
        </test-method> <!-- verifyCoachSharingFlow -->
        <test-method is-config="true" signature="tearDown()[pri:0, instance:com.rugby.planner.tests.LogoutTest@31190526]" started-at="2025-11-12T11:53:47 IST" name="tearDown" finished-at="2025-11-12T11:53:49 IST" duration-ms="2489" status="PASS">
          <reporter-output>
          </reporter-output>
        </test-method> <!-- tearDown -->
      </class> <!-- com.rugby.planner.tests.LogoutTest -->
    </test> <!-- Default test -->
  </suite> <!-- Default suite -->
</testng-results>
