<?xml version="1.0" encoding="UTF-8"?>
<testng-results ignored="0" total="1" passed="1" failed="0" skipped="0">
  <reporter-output>
  </reporter-output>
  <suite started-at="2025-10-30T15:11:03 IST" name="Default suite" finished-at="2025-10-30T15:11:35 IST" duration-ms="32597">
    <groups>
    </groups>
    <test started-at="2025-10-30T15:11:03 IST" name="Default test" finished-at="2025-10-30T15:11:35 IST" duration-ms="32597">
      <class name="com.rugby.planner.tests.TeamManagementTest">
        <test-method is-config="true" signature="setUp()[pri:0, instance:com.rugby.planner.tests.TeamManagementTest@229f66ed]" started-at="2025-10-30T15:11:03 IST" name="setUp" finished-at="2025-10-30T15:11:09 IST" duration-ms="6098" status="PASS">
          <reporter-output>
          </reporter-output>
        </test-method> <!-- setUp -->
        <test-method signature="createTeamAndVerify()[pri:1, instance:com.rugby.planner.tests.TeamManagementTest@229f66ed]" started-at="2025-10-30T15:11:09 IST" name="createTeamAndVerify" finished-at="2025-10-30T15:11:35 IST" duration-ms="25910" status="PASS">
          <reporter-output>
          </reporter-output>
        </test-method> <!-- createTeamAndVerify -->
        <test-method is-config="true" signature="tearDown()[pri:0, instance:com.rugby.planner.tests.TeamManagementTest@229f66ed]" started-at="2025-10-30T15:11:35 IST" name="tearDown" finished-at="2025-10-30T15:11:35 IST" duration-ms="512" status="PASS">
          <reporter-output>
          </reporter-output>
        </test-method> <!-- tearDown -->
      </class> <!-- com.rugby.planner.tests.TeamManagementTest -->
    </test> <!-- Default test -->
  </suite> <!-- Default suite -->
</testng-results>
