<?xml version="1.0" encoding="UTF-8"?>
<testng-results ignored="0" total="1" passed="1" failed="0" skipped="0">
  <reporter-output>
  </reporter-output>
  <suite started-at="2025-11-05T18:03:51 IST" name="Default suite" finished-at="2025-11-05T18:04:44 IST" duration-ms="53105">
    <groups>
    </groups>
    <test started-at="2025-11-05T18:03:51 IST" name="Default test" finished-at="2025-11-05T18:04:44 IST" duration-ms="53105">
      <class name="com.rugby.planner.tests.PlannerTest">
        <test-method is-config="true" signature="setUp()[pri:0, instance:com.rugby.planner.tests.PlannerTest@31190526]" started-at="2025-11-05T18:03:51 IST" name="setUp" finished-at="2025-11-05T18:03:58 IST" duration-ms="7394" status="PASS">
          <reporter-output>
          </reporter-output>
        </test-method> <!-- setUp -->
        <test-method signature="verifyPlannerFlow()[pri:1, instance:com.rugby.planner.tests.PlannerTest@31190526]" started-at="2025-11-05T18:03:58 IST" name="verifyPlannerFlow" finished-at="2025-11-05T18:04:43 IST" duration-ms="45041" status="PASS">
          <reporter-output>
          </reporter-output>
        </test-method> <!-- verifyPlannerFlow -->
        <test-method is-config="true" signature="tearDown()[pri:0, instance:com.rugby.planner.tests.PlannerTest@31190526]" started-at="2025-11-05T18:04:43 IST" name="tearDown" finished-at="2025-11-05T18:04:44 IST" duration-ms="550" status="PASS">
          <reporter-output>
          </reporter-output>
        </test-method> <!-- tearDown -->
      </class> <!-- com.rugby.planner.tests.PlannerTest -->
    </test> <!-- Default test -->
  </suite> <!-- Default suite -->
</testng-results>
